<?xml version="1.0" encoding="UTF-8"?>
<!-- Generated by org.testng.reporters.JUnitReportReporter -->
<testsuite hostname="DESKTOP-URQHE90" failures="0" tests="2" name="GetData.GetRequest" time="10.012" errors="0" timestamp="2022-01-14T18:25:31 EET" skipped="0">
  <testcase classname="GetData.GetRequest" name="test_Post" time="3.248"/>
  <system-out/>
  <testcase classname="GetData.GetRequest" name="testResponsecode" time="6.764"/>
  <system-out/>
</testsuite> <!-- GetData.GetRequest -->
